<?xml version="1.0" encoding="UTF-8" ?>
<testsuite failures="0" time="0.049" errors="0" skipped="0" tests="13" name="com.tahona.di.TestBeanContainer">
  <properties>
[...]
</properties>
  <testcase time="0.006" classname="com.tahona.di.TestBeanContainer" name="testBeanCreation"/>
  <testcase time="0" classname="com.tahona.di.TestBeanContainer" name="testSecondLevelBeanCreation"/>
  <testcase time="0.001" classname="com.tahona.di.TestBeanContainer" name="testThirdLevelBeanCreation"/>
  <testcase time="0.001" classname="com.tahona.di.TestBeanContainer" name="testLoopBeanCreation"/>
  <testcase time="0" classname="com.tahona.di.TestBeanContainer" name="testSimpleInjectBean"/>
  <testcase time="0" classname="com.tahona.di.TestBeanContainer" name="testRegisterByName"/>
  <testcase time="0.001" classname="com.tahona.di.TestBeanContainer" name="testAddInitializedBean"/>
  <testcase time="0.009" classname="com.tahona.di.TestBeanContainer" name="testInitAnnotationOnBean"/>
  <testcase time="0" classname="com.tahona.di.TestBeanContainer" name="testReplaceBean"/>
  <testcase time="0.003" classname="com.tahona.di.TestBeanContainer" name="testAnnotationScopeLocalBean"/>
  <testcase time="0.002" classname="com.tahona.di.TestBeanContainer" name="testInheritanceBean"/>
  <testcase time="0.001" classname="com.tahona.di.TestBeanContainer" name="testInheritanceSecondLevelBean"/>
  <testcase time="0.001" classname="com.tahona.di.TestBeanContainer" name="testSpeedTime"/>
</testsuite>